# JRE version: OpenJDK Runtime Environment Microsoft-11369940 (21.0.7+6) (build 21.0.7+6-LTS)
# Java VM: OpenJDK 64-Bit Server VM Microsoft-11369940 (21.0.7+6-LTS, mixed mode, emulated-client, sharing, tiered, compressed oops, compressed class ptrs, g1 gc, windows-amd64)
GC Precious Log:
 CardTable entry size: 512
 Card Set container configuration: InlinePtr #cards 4 size 8 Array Of Cards #cards 16 size 48 Howl #buckets 8 coarsen threshold 3686 Howl Bitmap #cards 512 size 80 coarsen threshold 460 Card regions per heap region 1 cards per card region 4096
 CPUs: 6 total, 6 available
 Memory: 16383M
 Large Page Support: Disabled
 NUMA Support: Disabled
 Compressed Oops: Enabled (Zero based)
 Heap Region Size: 2M
 Heap Min Capacity: 8M
 Heap Initial Capacity: 256M
 Heap Max Capacity: 4G
 Pre-touch: Disabled
 Parallel Workers: 6
 Concurrent Workers: 2
 Concurrent Refinement Workers: 6
 Periodic GC: Disabled
Heap:
 garbage-first heap   total 161792K, used 58898K [0x0000000700000000, 0x0000000800000000)
  region size 2048K, 6 young (12288K), 6 survivors (12288K)
 Metaspace       used 49252K, committed 49920K, reserved 1114112K
  class space    used 6851K, committed 7168K, reserved 1048576K
GC Heap History (20 events):
Event: 2.791 GC heap after
{Heap after GC invocations=10 (full 0):
 garbage-first heap   total 61440K, used 20131K [0x0000000700000000, 0x0000000800000000)
  region size 2048K, 3 young (6144K), 3 survivors (6144K)
 Metaspace       used 27970K, committed 28416K, reserved 1114112K
  class space    used 3614K, committed 3776K, reserved 1048576K
}
Event: 3.121 GC heap before
{Heap before GC invocations=10 (full 0):
 garbage-first heap   total 61440K, used 46755K [0x0000000700000000, 0x0000000800000000)
  region size 2048K, 16 young (32768K), 3 survivors (6144K)
 Metaspace       used 30188K, committed 30720K, reserved 1114112K
  class space    used 3974K, committed 4224K, reserved 1048576K
}
Event: 3.124 GC heap after
{Heap after GC invocations=11 (full 0):
 garbage-first heap   total 61440K, used 22364K [0x0000000700000000, 0x0000000800000000)
  region size 2048K, 2 young (4096K), 2 survivors (4096K)
 Metaspace       used 30188K, committed 30720K, reserved 1114112K
  class space    used 3974K, committed 4224K, reserved 1048576K
}
Event: 3.410 GC heap before
{Heap before GC invocations=11 (full 0):
 garbage-first heap   total 61440K, used 48988K [0x0000000700000000, 0x0000000800000000)
  region size 2048K, 16 young (32768K), 2 survivors (4096K)
 Metaspace       used 33081K, committed 33600K, reserved 1114112K
  class space    used 4490K, committed 4736K, reserved 1048576K
}
Event: 3.413 GC heap after
{Heap after GC invocations=12 (full 0):
 garbage-first heap   total 61440K, used 25296K [0x0000000700000000, 0x0000000800000000)
  region size 2048K, 2 young (4096K), 2 survivors (4096K)
 Metaspace       used 33081K, committed 33600K, reserved 1114112K
  class space    used 4490K, committed 4736K, reserved 1048576K
}
Event: 3.459 GC heap before
{Heap before GC invocations=12 (full 0):
 garbage-first heap   total 61440K, used 49872K [0x0000000700000000, 0x0000000800000000)
  region size 2048K, 14 young (28672K), 2 survivors (4096K)
 Metaspace       used 33182K, committed 33728K, reserved 1114112K
  class space    used 4505K, committed 4736K, reserved 1048576K
}
Event: 3.462 GC heap after
{Heap after GC invocations=13 (full 0):
 garbage-first heap   total 61440K, used 26981K [0x0000000700000000, 0x0000000800000000)
  region size 2048K, 1 young (2048K), 1 survivors (2048K)
 Metaspace       used 33182K, committed 33728K, reserved 1114112K
  class space    used 4505K, committed 4736K, reserved 1048576K
}
Event: 3.498 GC heap before
{Heap before GC invocations=13 (full 0):
 garbage-first heap   total 61440K, used 51557K [0x0000000700000000, 0x0000000800000000)
  region size 2048K, 13 young (26624K), 1 survivors (2048K)
 Metaspace       used 33182K, committed 33728K, reserved 1114112K
  class space    used 4505K, committed 4736K, reserved 1048576K
}
Event: 3.500 GC heap after
{Heap after GC invocations=14 (full 0):
 garbage-first heap   total 61440K, used 28426K [0x0000000700000000, 0x0000000800000000)
  region size 2048K, 2 young (4096K), 2 survivors (4096K)
 Metaspace       used 33182K, committed 33728K, reserved 1114112K
  class space    used 4505K, committed 4736K, reserved 1048576K
}
Event: 3.534 GC heap before
{Heap before GC invocations=14 (full 0):
 garbage-first heap   total 61440K, used 50954K [0x0000000700000000, 0x0000000800000000)
  region size 2048K, 13 young (26624K), 2 survivors (4096K)
 Metaspace       used 33182K, committed 33728K, reserved 1114112K
  class space    used 4505K, committed 4736K, reserved 1048576K
}
Event: 3.540 GC heap after
{Heap after GC invocations=15 (full 0):
 garbage-first heap   total 161792K, used 30128K [0x0000000700000000, 0x0000000800000000)
  region size 2048K, 2 young (4096K), 2 survivors (4096K)
 Metaspace       used 33182K, committed 33728K, reserved 1114112K
  class space    used 4505K, committed 4736K, reserved 1048576K
}
Event: 3.735 GC heap before
{Heap before GC invocations=15 (full 0):
 garbage-first heap   total 161792K, used 122288K [0x0000000700000000, 0x0000000800000000)
  region size 2048K, 47 young (96256K), 2 survivors (4096K)
 Metaspace       used 33238K, committed 33792K, reserved 1114112K
  class space    used 4513K, committed 4736K, reserved 1048576K
}
Event: 3.741 GC heap after
{Heap after GC invocations=16 (full 0):
 garbage-first heap   total 161792K, used 36526K [0x0000000700000000, 0x0000000800000000)
  region size 2048K, 5 young (10240K), 5 survivors (10240K)
 Metaspace       used 33238K, committed 33792K, reserved 1114112K
  class space    used 4513K, committed 4736K, reserved 1048576K
}
Event: 3.863 GC heap before
{Heap before GC invocations=16 (full 0):
 garbage-first heap   total 161792K, used 122542K [0x0000000700000000, 0x0000000800000000)
  region size 2048K, 47 young (96256K), 5 survivors (10240K)
 Metaspace       used 33238K, committed 33792K, reserved 1114112K
  class space    used 4513K, committed 4736K, reserved 1048576K
}
Event: 3.868 GC heap after
{Heap after GC invocations=17 (full 0):
 garbage-first heap   total 161792K, used 43591K [0x0000000700000000, 0x0000000800000000)
  region size 2048K, 4 young (8192K), 4 survivors (8192K)
 Metaspace       used 33238K, committed 33792K, reserved 1114112K
  class space    used 4513K, committed 4736K, reserved 1048576K
}
Event: 4.213 GC heap before
{Heap before GC invocations=17 (full 0):
 garbage-first heap   total 161792K, used 100935K [0x0000000700000000, 0x0000000800000000)
  region size 2048K, 33 young (67584K), 4 survivors (8192K)
 Metaspace       used 36248K, committed 36736K, reserved 1114112K
  class space    used 4882K, committed 5120K, reserved 1048576K
}
Event: 4.219 GC heap after
{Heap after GC invocations=18 (full 0):
 garbage-first heap   total 161792K, used 51180K [0x0000000700000000, 0x0000000800000000)
  region size 2048K, 4 young (8192K), 4 survivors (8192K)
 Metaspace       used 36248K, committed 36736K, reserved 1114112K
  class space    used 4882K, committed 5120K, reserved 1048576K
}
Event: 4.642 GC heap before
{Heap before GC invocations=19 (full 0):
 garbage-first heap   total 161792K, used 137196K [0x0000000700000000, 0x0000000800000000)
  region size 2048K, 46 young (94208K), 4 survivors (8192K)
 Metaspace       used 37928K, committed 38464K, reserved 1114112K
  class space    used 5222K, committed 5440K, reserved 1048576K
}
Event: 4.648 GC heap after
{Heap after GC invocations=20 (full 0):
 garbage-first heap   total 161792K, used 53467K [0x0000000700000000, 0x0000000800000000)
  region size 2048K, 3 young (6144K), 3 survivors (6144K)
 Metaspace       used 37928K, committed 38464K, reserved 1114112K
  class space    used 5222K, committed 5440K, reserved 1048576K
}
Event: 5.816 GC heap before
{Heap before GC invocations=20 (full 0):
 garbage-first heap   total 161792K, used 141531K [0x0000000700000000, 0x0000000800000000)
  region size 2048K, 46 young (94208K), 3 survivors (6144K)
 Metaspace       used 49252K, committed 49920K, reserved 1114112K
  class space    used 6851K, committed 7168K, reserved 1048576K
}

